#logback.classic pattern: %d{yyyy-MM-dd HH:mm:ss.SSS} %-5.5level 24948 --- [%15.15thread] %logger{20} %5.5line : %msg%n
2018-11-13 11:57:16.426 INFO  24948 --- [           main] o.s.c.a.AnnotationConfigApplicationContext   588 : Refreshing org.springframework.context.annotation.AnnotationConfigApplicationContext@160ac7fb: startup date [Tue Nov 13 11:57:16 CST 2018]; root of context hierarchy
2018-11-13 11:57:16.681 INFO  24948 --- [           main] o.s.b.f.a.AutowiredAnnotationBeanPostProcessor   153 : JSR-330 'javax.inject.Inject' annotation found and supported for autowiring
2018-11-13 11:57:16.726 INFO  24948 --- [           main] o.s.c.s.PostProcessorRegistrationDelegate$BeanPostProcessorChecker   326 : Bean 'configurationPropertiesRebinderAutoConfiguration' of type [org.springframework.cloud.autoconfigure.ConfigurationPropertiesRebinderAutoConfiguration$$EnhancerBySpringCGLIB$$99a5c393] is not eligible for getting processed by all BeanPostProcessors (for example: not eligible for auto-proxying)
#logback.classic pattern: %d{yyyy-MM-dd HH:mm:ss.SSS} %-5.5level 24948 --- [%15.15thread] %logger{20} %5.5line : %msg%n
2018-11-13 11:57:17.033 INFO  24948 --- [           main] o.s.b.w.r.c.AnnotationConfigReactiveWebServerApplicationContext   588 : Refreshing org.springframework.boot.web.reactive.context.AnnotationConfigReactiveWebServerApplicationContext@6ce90bc5: startup date [Tue Nov 13 11:57:17 CST 2018]; parent: org.springframework.context.annotation.AnnotationConfigApplicationContext@160ac7fb
2018-11-13 11:57:17.679 INFO  24948 --- [           main] o.s.b.f.s.DefaultListableBeanFactory   821 : Overriding bean definition for bean 'hiddenHttpMethodFilter' with a different definition: replacing [Root bean: class [null]; scope=; abstract=false; lazyInit=false; autowireMode=3; dependencyCheck=0; autowireCandidate=true; primary=false; factoryBeanName=org.springframework.boot.autoconfigure.web.reactive.WebFluxAutoConfiguration; factoryMethodName=hiddenHttpMethodFilter; initMethodName=null; destroyMethodName=(inferred); defined in class path resource [org/springframework/boot/autoconfigure/web/reactive/WebFluxAutoConfiguration.class]] with [Root bean: class [null]; scope=; abstract=false; lazyInit=false; autowireMode=3; dependencyCheck=0; autowireCandidate=true; primary=false; factoryBeanName=org.springframework.cloud.gateway.config.GatewayAutoConfiguration; factoryMethodName=hiddenHttpMethodFilter; initMethodName=null; destroyMethodName=(inferred); defined in class path resource [org/springframework/cloud/gateway/config/GatewayAutoConfiguration.class]]
2018-11-13 11:57:17.906 INFO  24948 --- [           main] o.s.d.r.c.RepositoryConfigurationDelegate   172 : Multiple Spring Data modules found, entering strict repository configuration mode!
2018-11-13 11:57:18.170 INFO  24948 --- [           main] o.s.c.c.s.GenericScope   294 : BeanFactory id=1e036e9e-3777-3f2e-8ebd-b24075ad4afd
2018-11-13 11:57:18.186 INFO  24948 --- [           main] o.s.b.f.a.AutowiredAnnotationBeanPostProcessor   153 : JSR-330 'javax.inject.Inject' annotation found and supported for autowiring
2018-11-13 11:57:18.306 INFO  24948 --- [           main] o.s.c.s.PostProcessorRegistrationDelegate$BeanPostProcessorChecker   326 : Bean 'org.springframework.cloud.autoconfigure.ConfigurationPropertiesRebinderAutoConfiguration' of type [org.springframework.cloud.autoconfigure.ConfigurationPropertiesRebinderAutoConfiguration$$EnhancerBySpringCGLIB$$99a5c393] is not eligible for getting processed by all BeanPostProcessors (for example: not eligible for auto-proxying)
2018-11-13 11:57:18.510 WARN  24948 --- [           main] r.i.n.t.TcpResources   258 : [http] resources will use the default LoopResources: DefaultLoopResources {prefix=reactor-http, daemon=true, selectCount=8, workerCount=8}
2018-11-13 11:57:18.510 WARN  24948 --- [           main] r.i.n.t.TcpResources   258 : [http] resources will use the default PoolResources: DefaultPoolResources {name=http, provider=reactor.ipc.netty.resources.PoolResources$$Lambda$245/1087279177@52ca2652}
2018-11-13 11:57:19.024 WARN  24948 --- [           main] c.n.c.s.URLConfigurationSource   121 : No URLs will be polled as dynamic configuration sources.
2018-11-13 11:57:19.024 INFO  24948 --- [           main] c.n.c.s.URLConfigurationSource   122 : To enable URLs as dynamic configuration sources, define System property archaius.configurationSource.additionalUrls or make config.properties available on classpath.
2018-11-13 11:57:19.030 WARN  24948 --- [           main] c.n.c.s.URLConfigurationSource   121 : No URLs will be polled as dynamic configuration sources.
2018-11-13 11:57:19.031 INFO  24948 --- [           main] c.n.c.s.URLConfigurationSource   122 : To enable URLs as dynamic configuration sources, define System property archaius.configurationSource.additionalUrls or make config.properties available on classpath.
2018-11-13 11:57:19.248 INFO  24948 --- [           main] o.s.w.r.r.m.a.RequestMappingHandlerMapping   468 : Mapped "{[/failback]}" onto public com.winstar.entity.CodeMessage com.winstar.fallback.FallbackHystrix.hystrixTimeout()
2018-11-13 11:57:19.277 INFO  24948 --- [           main] o.s.w.r.h.SimpleUrlHandlerMapping   211 : Mapped URL path [/webjars/**] onto handler of type [class org.springframework.web.reactive.resource.ResourceWebHandler]
2018-11-13 11:57:19.277 INFO  24948 --- [           main] o.s.w.r.h.SimpleUrlHandlerMapping   211 : Mapped URL path [/**] onto handler of type [class org.springframework.web.reactive.resource.ResourceWebHandler]
2018-11-13 11:57:20.298 INFO  24948 --- [           main] o.s.c.g.r.RouteDefinitionRouteLocator   102 : Loaded RoutePredicateFactory [After]
2018-11-13 11:57:20.299 INFO  24948 --- [           main] o.s.c.g.r.RouteDefinitionRouteLocator   102 : Loaded RoutePredicateFactory [Before]
2018-11-13 11:57:20.299 INFO  24948 --- [           main] o.s.c.g.r.RouteDefinitionRouteLocator   102 : Loaded RoutePredicateFactory [Between]
2018-11-13 11:57:20.299 INFO  24948 --- [           main] o.s.c.g.r.RouteDefinitionRouteLocator   102 : Loaded RoutePredicateFactory [Cookie]
2018-11-13 11:57:20.299 INFO  24948 --- [           main] o.s.c.g.r.RouteDefinitionRouteLocator   102 : Loaded RoutePredicateFactory [Header]
2018-11-13 11:57:20.300 INFO  24948 --- [           main] o.s.c.g.r.RouteDefinitionRouteLocator   102 : Loaded RoutePredicateFactory [Host]
2018-11-13 11:57:20.300 INFO  24948 --- [           main] o.s.c.g.r.RouteDefinitionRouteLocator   102 : Loaded RoutePredicateFactory [Method]
2018-11-13 11:57:20.300 INFO  24948 --- [           main] o.s.c.g.r.RouteDefinitionRouteLocator   102 : Loaded RoutePredicateFactory [Path]
2018-11-13 11:57:20.301 INFO  24948 --- [           main] o.s.c.g.r.RouteDefinitionRouteLocator   102 : Loaded RoutePredicateFactory [Query]
2018-11-13 11:57:20.301 INFO  24948 --- [           main] o.s.c.g.r.RouteDefinitionRouteLocator   102 : Loaded RoutePredicateFactory [ReadBodyPredicateFactory]
2018-11-13 11:57:20.301 INFO  24948 --- [           main] o.s.c.g.r.RouteDefinitionRouteLocator   102 : Loaded RoutePredicateFactory [RemoteAddr]
2018-11-13 11:57:20.301 INFO  24948 --- [           main] o.s.c.g.r.RouteDefinitionRouteLocator   102 : Loaded RoutePredicateFactory [Weight]
2018-11-13 11:57:20.302 INFO  24948 --- [           main] o.s.c.g.r.RouteDefinitionRouteLocator   102 : Loaded RoutePredicateFactory [CloudFoundryRouteService]
2018-11-13 11:57:20.365 INFO  24948 --- [           main] o.s.w.r.r.m.a.ControllerMethodResolver   221 : Looking for @ControllerAdvice: org.springframework.boot.web.reactive.context.AnnotationConfigReactiveWebServerApplicationContext@6ce90bc5: startup date [Tue Nov 13 11:57:17 CST 2018]; parent: org.springframework.context.annotation.AnnotationConfigApplicationContext@160ac7fb
2018-11-13 11:57:21.867 INFO  24948 --- [           main] o.s.j.e.a.AnnotationMBeanExporter   433 : Registering beans for JMX exposure on startup
2018-11-13 11:57:21.876 INFO  24948 --- [           main] o.s.j.e.a.AnnotationMBeanExporter   895 : Bean with name 'refreshScope' has been autodetected for JMX exposure
2018-11-13 11:57:21.879 INFO  24948 --- [           main] o.s.j.e.a.AnnotationMBeanExporter   895 : Bean with name 'environmentManager' has been autodetected for JMX exposure
2018-11-13 11:57:21.880 INFO  24948 --- [           main] o.s.j.e.a.AnnotationMBeanExporter   895 : Bean with name 'configurationPropertiesRebinder' has been autodetected for JMX exposure
2018-11-13 11:57:21.883 INFO  24948 --- [           main] o.s.j.e.a.AnnotationMBeanExporter   675 : Located managed bean 'environmentManager': registering with JMX server as MBean [org.springframework.cloud.context.environment:name=environmentManager,type=EnvironmentManager]
2018-11-13 11:57:21.893 INFO  24948 --- [           main] o.s.j.e.a.AnnotationMBeanExporter   675 : Located managed bean 'refreshScope': registering with JMX server as MBean [org.springframework.cloud.context.scope.refresh:name=refreshScope,type=RefreshScope]
2018-11-13 11:57:21.905 INFO  24948 --- [           main] o.s.j.e.a.AnnotationMBeanExporter   675 : Located managed bean 'configurationPropertiesRebinder': registering with JMX server as MBean [org.springframework.cloud.context.properties:name=configurationPropertiesRebinder,context=6ce90bc5,type=ConfigurationPropertiesRebinder]
2018-11-13 11:57:21.914 INFO  24948 --- [           main] o.s.b.w.r.c.AnnotationConfigReactiveWebServerApplicationContext   588 : Refreshing org.springframework.boot.web.reactive.context.AnnotationConfigReactiveWebServerApplicationContext@71668a67: startup date [Tue Nov 13 11:57:21 CST 2018]; parent: org.springframework.boot.web.reactive.context.AnnotationConfigReactiveWebServerApplicationContext@6ce90bc5
2018-11-13 11:57:21.953 INFO  24948 --- [           main] o.s.b.f.a.AutowiredAnnotationBeanPostProcessor   153 : JSR-330 'javax.inject.Inject' annotation found and supported for autowiring
2018-11-13 11:57:21.986 INFO  24948 --- [           main] o.s.b.a.e.w.EndpointLinksResolver    59 : Exposing 19 endpoint(s) beneath base path '/actuator'
2018-11-13 11:57:22.000 INFO  24948 --- [           main] o.s.b.a.e.w.r.WebFluxEndpointHandlerMapping   468 : Mapped "{[/actuator/archaius],methods=[GET],produces=[application/vnd.spring-boot.actuator.v2+json || application/json]}" onto public org.reactivestreams.Publisher<org.springframework.http.ResponseEntity<java.lang.Object>> org.springframework.boot.actuate.endpoint.web.reactive.AbstractWebFluxEndpointHandlerMapping$ReadOperationHandler.handle(org.springframework.web.server.ServerWebExchange)
2018-11-13 11:57:22.001 INFO  24948 --- [           main] o.s.b.a.e.w.r.WebFluxEndpointHandlerMapping   468 : Mapped "{[/actuator/auditevents],methods=[GET],produces=[application/vnd.spring-boot.actuator.v2+json || application/json]}" onto public org.reactivestreams.Publisher<org.springframework.http.ResponseEntity<java.lang.Object>> org.springframework.boot.actuate.endpoint.web.reactive.AbstractWebFluxEndpointHandlerMapping$ReadOperationHandler.handle(org.springframework.web.server.ServerWebExchange)
2018-11-13 11:57:22.002 INFO  24948 --- [           main] o.s.b.a.e.w.r.WebFluxEndpointHandlerMapping   468 : Mapped "{[/actuator/beans],methods=[GET],produces=[application/vnd.spring-boot.actuator.v2+json || application/json]}" onto public org.reactivestreams.Publisher<org.springframework.http.ResponseEntity<java.lang.Object>> org.springframework.boot.actuate.endpoint.web.reactive.AbstractWebFluxEndpointHandlerMapping$ReadOperationHandler.handle(org.springframework.web.server.ServerWebExchange)
2018-11-13 11:57:22.003 INFO  24948 --- [           main] o.s.b.a.e.w.r.WebFluxEndpointHandlerMapping   468 : Mapped "{[/actuator/health],methods=[GET],produces=[application/vnd.spring-boot.actuator.v2+json || application/json]}" onto public org.reactivestreams.Publisher<org.springframework.http.ResponseEntity<java.lang.Object>> org.springframework.boot.actuate.endpoint.web.reactive.AbstractWebFluxEndpointHandlerMapping$ReadOperationHandler.handle(org.springframework.web.server.ServerWebExchange)
2018-11-13 11:57:22.004 INFO  24948 --- [           main] o.s.b.a.e.w.r.WebFluxEndpointHandlerMapping   468 : Mapped "{[/actuator/conditions],methods=[GET],produces=[application/vnd.spring-boot.actuator.v2+json || application/json]}" onto public org.reactivestreams.Publisher<org.springframework.http.ResponseEntity<java.lang.Object>> org.springframework.boot.actuate.endpoint.web.reactive.AbstractWebFluxEndpointHandlerMapping$ReadOperationHandler.handle(org.springframework.web.server.ServerWebExchange)
2018-11-13 11:57:22.005 INFO  24948 --- [           main] o.s.b.a.e.w.r.WebFluxEndpointHandlerMapping   468 : Mapped "{[/actuator/configprops],methods=[GET],produces=[application/vnd.spring-boot.actuator.v2+json || application/json]}" onto public org.reactivestreams.Publisher<org.springframework.http.ResponseEntity<java.lang.Object>> org.springframework.boot.actuate.endpoint.web.reactive.AbstractWebFluxEndpointHandlerMapping$ReadOperationHandler.handle(org.springframework.web.server.ServerWebExchange)
2018-11-13 11:57:22.006 INFO  24948 --- [           main] o.s.b.a.e.w.r.WebFluxEndpointHandlerMapping   468 : Mapped "{[/actuator/env],methods=[GET],produces=[application/vnd.spring-boot.actuator.v2+json || application/json]}" onto public org.reactivestreams.Publisher<org.springframework.http.ResponseEntity<java.lang.Object>> org.springframework.boot.actuate.endpoint.web.reactive.AbstractWebFluxEndpointHandlerMapping$ReadOperationHandler.handle(org.springframework.web.server.ServerWebExchange)
2018-11-13 11:57:22.007 INFO  24948 --- [           main] o.s.b.a.e.w.r.WebFluxEndpointHandlerMapping   468 : Mapped "{[/actuator/env/{toMatch}],methods=[GET],produces=[application/vnd.spring-boot.actuator.v2+json || application/json]}" onto public org.reactivestreams.Publisher<org.springframework.http.ResponseEntity<java.lang.Object>> org.springframework.boot.actuate.endpoint.web.reactive.AbstractWebFluxEndpointHandlerMapping$ReadOperationHandler.handle(org.springframework.web.server.ServerWebExchange)
2018-11-13 11:57:22.009 INFO  24948 --- [           main] o.s.b.a.e.w.r.WebFluxEndpointHandlerMapping   468 : Mapped "{[/actuator/env],methods=[POST],consumes=[application/vnd.spring-boot.actuator.v2+json || application/json],produces=[application/vnd.spring-boot.actuator.v2+json || application/json]}" onto public org.reactivestreams.Publisher<org.springframework.http.ResponseEntity<java.lang.Object>> org.springframework.boot.actuate.endpoint.web.reactive.AbstractWebFluxEndpointHandlerMapping$WriteOperationHandler.handle(org.springframework.web.server.ServerWebExchange,java.util.Map<java.lang.String, java.lang.String>)
2018-11-13 11:57:22.010 INFO  24948 --- [           main] o.s.b.a.e.w.r.WebFluxEndpointHandlerMapping   468 : Mapped "{[/actuator/env],methods=[DELETE],produces=[application/vnd.spring-boot.actuator.v2+json || application/json]}" onto public org.reactivestreams.Publisher<org.springframework.http.ResponseEntity<java.lang.Object>> org.springframework.boot.actuate.endpoint.web.reactive.AbstractWebFluxEndpointHandlerMapping$ReadOperationHandler.handle(org.springframework.web.server.ServerWebExchange)
2018-11-13 11:57:22.011 INFO  24948 --- [           main] o.s.b.a.e.w.r.WebFluxEndpointHandlerMapping   468 : Mapped "{[/actuator/info],methods=[GET],produces=[application/vnd.spring-boot.actuator.v2+json || application/json]}" onto public org.reactivestreams.Publisher<org.springframework.http.ResponseEntity<java.lang.Object>> org.springframework.boot.actuate.endpoint.web.reactive.AbstractWebFluxEndpointHandlerMapping$ReadOperationHandler.handle(org.springframework.web.server.ServerWebExchange)
2018-11-13 11:57:22.012 INFO  24948 --- [           main] o.s.b.a.e.w.r.WebFluxEndpointHandlerMapping   468 : Mapped "{[/actuator/loggers],methods=[GET],produces=[application/vnd.spring-boot.actuator.v2+json || application/json]}" onto public org.reactivestreams.Publisher<org.springframework.http.ResponseEntity<java.lang.Object>> org.springframework.boot.actuate.endpoint.web.reactive.AbstractWebFluxEndpointHandlerMapping$ReadOperationHandler.handle(org.springframework.web.server.ServerWebExchange)
2018-11-13 11:57:22.013 INFO  24948 --- [           main] o.s.b.a.e.w.r.WebFluxEndpointHandlerMapping   468 : Mapped "{[/actuator/loggers/{name}],methods=[GET],produces=[application/vnd.spring-boot.actuator.v2+json || application/json]}" onto public org.reactivestreams.Publisher<org.springframework.http.ResponseEntity<java.lang.Object>> org.springframework.boot.actuate.endpoint.web.reactive.AbstractWebFluxEndpointHandlerMapping$ReadOperationHandler.handle(org.springframework.web.server.ServerWebExchange)
2018-11-13 11:57:22.014 INFO  24948 --- [           main] o.s.b.a.e.w.r.WebFluxEndpointHandlerMapping   468 : Mapped "{[/actuator/loggers/{name}],methods=[POST],consumes=[application/vnd.spring-boot.actuator.v2+json || application/json]}" onto public org.reactivestreams.Publisher<org.springframework.http.ResponseEntity<java.lang.Object>> org.springframework.boot.actuate.endpoint.web.reactive.AbstractWebFluxEndpointHandlerMapping$WriteOperationHandler.handle(org.springframework.web.server.ServerWebExchange,java.util.Map<java.lang.String, java.lang.String>)
2018-11-13 11:57:22.015 INFO  24948 --- [           main] o.s.b.a.e.w.r.WebFluxEndpointHandlerMapping   468 : Mapped "{[/actuator/heapdump],methods=[GET],produces=[application/octet-stream]}" onto public org.reactivestreams.Publisher<org.springframework.http.ResponseEntity<java.lang.Object>> org.springframework.boot.actuate.endpoint.web.reactive.AbstractWebFluxEndpointHandlerMapping$ReadOperationHandler.handle(org.springframework.web.server.ServerWebExchange)
2018-11-13 11:57:22.016 INFO  24948 --- [           main] o.s.b.a.e.w.r.WebFluxEndpointHandlerMapping   468 : Mapped "{[/actuator/threaddump],methods=[GET],produces=[application/vnd.spring-boot.actuator.v2+json || application/json]}" onto public org.reactivestreams.Publisher<org.springframework.http.ResponseEntity<java.lang.Object>> org.springframework.boot.actuate.endpoint.web.reactive.AbstractWebFluxEndpointHandlerMapping$ReadOperationHandler.handle(org.springframework.web.server.ServerWebExchange)
2018-11-13 11:57:22.017 INFO  24948 --- [           main] o.s.b.a.e.w.r.WebFluxEndpointHandlerMapping   468 : Mapped "{[/actuator/metrics/{requiredMetricName}],methods=[GET],produces=[application/vnd.spring-boot.actuator.v2+json || application/json]}" onto public org.reactivestreams.Publisher<org.springframework.http.ResponseEntity<java.lang.Object>> org.springframework.boot.actuate.endpoint.web.reactive.AbstractWebFluxEndpointHandlerMapping$ReadOperationHandler.handle(org.springframework.web.server.ServerWebExchange)
2018-11-13 11:57:22.018 INFO  24948 --- [           main] o.s.b.a.e.w.r.WebFluxEndpointHandlerMapping   468 : Mapped "{[/actuator/metrics],methods=[GET],produces=[application/vnd.spring-boot.actuator.v2+json || application/json]}" onto public org.reactivestreams.Publisher<org.springframework.http.ResponseEntity<java.lang.Object>> org.springframework.boot.actuate.endpoint.web.reactive.AbstractWebFluxEndpointHandlerMapping$ReadOperationHandler.handle(org.springframework.web.server.ServerWebExchange)
2018-11-13 11:57:22.019 INFO  24948 --- [           main] o.s.b.a.e.w.r.WebFluxEndpointHandlerMapping   468 : Mapped "{[/actuator/scheduledtasks],methods=[GET],produces=[application/vnd.spring-boot.actuator.v2+json || application/json]}" onto public org.reactivestreams.Publisher<org.springframework.http.ResponseEntity<java.lang.Object>> org.springframework.boot.actuate.endpoint.web.reactive.AbstractWebFluxEndpointHandlerMapping$ReadOperationHandler.handle(org.springframework.web.server.ServerWebExchange)
2018-11-13 11:57:22.020 INFO  24948 --- [           main] o.s.b.a.e.w.r.WebFluxEndpointHandlerMapping   468 : Mapped "{[/actuator/httptrace],methods=[GET],produces=[application/vnd.spring-boot.actuator.v2+json || application/json]}" onto public org.reactivestreams.Publisher<org.springframework.http.ResponseEntity<java.lang.Object>> org.springframework.boot.actuate.endpoint.web.reactive.AbstractWebFluxEndpointHandlerMapping$ReadOperationHandler.handle(org.springframework.web.server.ServerWebExchange)
2018-11-13 11:57:22.021 INFO  24948 --- [           main] o.s.b.a.e.w.r.WebFluxEndpointHandlerMapping   468 : Mapped "{[/actuator/mappings],methods=[GET],produces=[application/vnd.spring-boot.actuator.v2+json || application/json]}" onto public org.reactivestreams.Publisher<org.springframework.http.ResponseEntity<java.lang.Object>> org.springframework.boot.actuate.endpoint.web.reactive.AbstractWebFluxEndpointHandlerMapping$ReadOperationHandler.handle(org.springframework.web.server.ServerWebExchange)
2018-11-13 11:57:22.022 INFO  24948 --- [           main] o.s.b.a.e.w.r.WebFluxEndpointHandlerMapping   468 : Mapped "{[/actuator/refresh],methods=[POST],produces=[application/vnd.spring-boot.actuator.v2+json || application/json]}" onto public org.reactivestreams.Publisher<org.springframework.http.ResponseEntity<java.lang.Object>> org.springframework.boot.actuate.endpoint.web.reactive.AbstractWebFluxEndpointHandlerMapping$WriteOperationHandler.handle(org.springframework.web.server.ServerWebExchange,java.util.Map<java.lang.String, java.lang.String>)
2018-11-13 11:57:22.023 INFO  24948 --- [           main] o.s.b.a.e.w.r.WebFluxEndpointHandlerMapping   468 : Mapped "{[/actuator/features],methods=[GET],produces=[application/vnd.spring-boot.actuator.v2+json || application/json]}" onto public org.reactivestreams.Publisher<org.springframework.http.ResponseEntity<java.lang.Object>> org.springframework.boot.actuate.endpoint.web.reactive.AbstractWebFluxEndpointHandlerMapping$ReadOperationHandler.handle(org.springframework.web.server.ServerWebExchange)
2018-11-13 11:57:22.024 INFO  24948 --- [           main] o.s.b.a.e.w.r.WebFluxEndpointHandlerMapping   468 : Mapped "{[/actuator/service-registry],methods=[GET],produces=[application/vnd.spring-boot.actuator.v2+json || application/json]}" onto public org.reactivestreams.Publisher<org.springframework.http.ResponseEntity<java.lang.Object>> org.springframework.boot.actuate.endpoint.web.reactive.AbstractWebFluxEndpointHandlerMapping$ReadOperationHandler.handle(org.springframework.web.server.ServerWebExchange)
2018-11-13 11:57:22.025 INFO  24948 --- [           main] o.s.b.a.e.w.r.WebFluxEndpointHandlerMapping   468 : Mapped "{[/actuator/service-registry],methods=[POST],consumes=[application/vnd.spring-boot.actuator.v2+json || application/json],produces=[application/vnd.spring-boot.actuator.v2+json || application/json]}" onto public org.reactivestreams.Publisher<org.springframework.http.ResponseEntity<java.lang.Object>> org.springframework.boot.actuate.endpoint.web.reactive.AbstractWebFluxEndpointHandlerMapping$WriteOperationHandler.handle(org.springframework.web.server.ServerWebExchange,java.util.Map<java.lang.String, java.lang.String>)
2018-11-13 11:57:22.026 INFO  24948 --- [           main] o.s.b.a.e.w.r.WebFluxEndpointHandlerMapping   468 : Mapped "{[/actuator],methods=[GET],produces=[application/vnd.spring-boot.actuator.v2+json || application/json]}" onto protected java.util.Map<java.lang.String, java.util.Map<java.lang.String, org.springframework.boot.actuate.endpoint.web.Link>> org.springframework.boot.actuate.endpoint.web.reactive.WebFluxEndpointHandlerMapping.links(org.springframework.web.server.ServerWebExchange)
2018-11-13 11:57:22.040 INFO  24948 --- [           main] o.s.b.a.e.w.r.ControllerEndpointHandlerMapping   468 : Mapped "{[/actuator/gateway/routes/{id}],methods=[DELETE]}" onto public reactor.core.publisher.Mono<org.springframework.http.ResponseEntity<java.lang.Object>> org.springframework.cloud.gateway.actuate.GatewayControllerEndpoint.delete(java.lang.String)
2018-11-13 11:57:22.041 INFO  24948 --- [           main] o.s.b.a.e.w.r.ControllerEndpointHandlerMapping   468 : Mapped "{[/actuator/gateway/routes/{id}],methods=[POST]}" onto public reactor.core.publisher.Mono<org.springframework.http.ResponseEntity<java.lang.Void>> org.springframework.cloud.gateway.actuate.GatewayControllerEndpoint.save(java.lang.String,reactor.core.publisher.Mono<org.springframework.cloud.gateway.route.RouteDefinition>)
2018-11-13 11:57:22.041 INFO  24948 --- [           main] o.s.b.a.e.w.r.ControllerEndpointHandlerMapping   468 : Mapped "{[/actuator/gateway/refresh],methods=[POST]}" onto public reactor.core.publisher.Mono<java.lang.Void> org.springframework.cloud.gateway.actuate.GatewayControllerEndpoint.refresh()
2018-11-13 11:57:22.041 INFO  24948 --- [           main] o.s.b.a.e.w.r.ControllerEndpointHandlerMapping   468 : Mapped "{[/actuator/gateway/routes],methods=[GET]}" onto public reactor.core.publisher.Mono<java.util.List<java.util.Map<java.lang.String, java.lang.Object>>> org.springframework.cloud.gateway.actuate.GatewayControllerEndpoint.routes()
2018-11-13 11:57:22.042 INFO  24948 --- [           main] o.s.b.a.e.w.r.ControllerEndpointHandlerMapping   468 : Mapped "{[/actuator/gateway/routes/{id}],methods=[GET]}" onto public reactor.core.publisher.Mono<org.springframework.http.ResponseEntity<org.springframework.cloud.gateway.route.RouteDefinition>> org.springframework.cloud.gateway.actuate.GatewayControllerEndpoint.route(java.lang.String)
2018-11-13 11:57:22.042 INFO  24948 --- [           main] o.s.b.a.e.w.r.ControllerEndpointHandlerMapping   468 : Mapped "{[/actuator/gateway/routefilters],methods=[GET]}" onto public reactor.core.publisher.Mono<java.util.HashMap<java.lang.String, java.lang.Object>> org.springframework.cloud.gateway.actuate.GatewayControllerEndpoint.routefilers()
2018-11-13 11:57:22.042 INFO  24948 --- [           main] o.s.b.a.e.w.r.ControllerEndpointHandlerMapping   468 : Mapped "{[/actuator/gateway/globalfilters],methods=[GET]}" onto public reactor.core.publisher.Mono<java.util.HashMap<java.lang.String, java.lang.Object>> org.springframework.cloud.gateway.actuate.GatewayControllerEndpoint.globalfilters()
2018-11-13 11:57:22.043 INFO  24948 --- [           main] o.s.b.a.e.w.r.ControllerEndpointHandlerMapping   468 : Mapped "{[/actuator/gateway/routes/{id}/combinedfilters],methods=[GET]}" onto public reactor.core.publisher.Mono<java.util.HashMap<java.lang.String, java.lang.Object>> org.springframework.cloud.gateway.actuate.GatewayControllerEndpoint.combinedfilters(java.lang.String)
2018-11-13 11:57:22.053 INFO  24948 --- [           main] o.s.w.r.h.SimpleUrlHandlerMapping   211 : Mapped URL path [/webjars/**] onto handler of type [class org.springframework.web.reactive.resource.ResourceWebHandler]
2018-11-13 11:57:22.053 INFO  24948 --- [           main] o.s.w.r.h.SimpleUrlHandlerMapping   211 : Mapped URL path [/**] onto handler of type [class org.springframework.web.reactive.resource.ResourceWebHandler]
2018-11-13 11:57:22.073 INFO  24948 --- [           main] o.s.w.r.r.m.a.ControllerMethodResolver   221 : Looking for @ControllerAdvice: org.springframework.boot.web.reactive.context.AnnotationConfigReactiveWebServerApplicationContext@71668a67: startup date [Tue Nov 13 11:57:21 CST 2018]; parent: org.springframework.boot.web.reactive.context.AnnotationConfigReactiveWebServerApplicationContext@6ce90bc5
2018-11-13 11:57:22.310 INFO  24948 --- [ctor-http-nio-1] r.i.n.t.BlockingNettyContext   238 : Started HttpServer on /0:0:0:0:0:0:0:0:8081
2018-11-13 11:57:22.311 INFO  24948 --- [           main] o.s.b.w.e.n.NettyWebServer    83 : Netty started on port(s): 8081
2018-11-13 11:57:22.313 INFO  24948 --- [           main] o.s.c.n.e.s.EurekaAutoServiceRegistration   124 : Updating port to 8081
2018-11-13 11:57:22.326 INFO  24948 --- [           main] o.s.c.n.e.InstanceInfoFactory    71 : Setting initial instance status as: STARTING
2018-11-13 11:57:22.373 INFO  24948 --- [           main] c.n.d.DiscoveryClient   349 : Initializing Eureka in region us-east-1
2018-11-13 11:57:22.457 INFO  24948 --- [           main] c.n.d.p.DiscoveryJerseyProvider    70 : Using JSON encoding codec LegacyJacksonJson
2018-11-13 11:57:22.457 INFO  24948 --- [           main] c.n.d.p.DiscoveryJerseyProvider    71 : Using JSON decoding codec LegacyJacksonJson
2018-11-13 11:57:22.598 INFO  24948 --- [           main] c.n.d.p.DiscoveryJerseyProvider    80 : Using XML encoding codec XStreamXml
2018-11-13 11:57:22.598 INFO  24948 --- [           main] c.n.d.p.DiscoveryJerseyProvider    81 : Using XML decoding codec XStreamXml
2018-11-13 11:57:22.818 INFO  24948 --- [           main] c.n.d.s.r.a.ConfigClusterResolver    43 : Resolving eureka endpoints via configuration
2018-11-13 11:57:22.906 INFO  24948 --- [           main] c.n.d.DiscoveryClient   958 : Disable delta property : false
2018-11-13 11:57:22.907 INFO  24948 --- [           main] c.n.d.DiscoveryClient   959 : Single vip registry refresh property : null
2018-11-13 11:57:22.908 INFO  24948 --- [           main] c.n.d.DiscoveryClient   960 : Force full registry fetch : false
2018-11-13 11:57:22.908 INFO  24948 --- [           main] c.n.d.DiscoveryClient   961 : Application is null : false
2018-11-13 11:57:22.908 INFO  24948 --- [           main] c.n.d.DiscoveryClient   962 : Registered Applications size is zero : true
2018-11-13 11:57:22.909 INFO  24948 --- [           main] c.n.d.DiscoveryClient   964 : Application version is -1: true
2018-11-13 11:57:22.909 INFO  24948 --- [           main] c.n.d.DiscoveryClient  1047 : Getting all instance registry info from the eureka server
2018-11-13 11:57:23.130 INFO  24948 --- [           main] c.n.d.DiscoveryClient  1056 : The response status is 200
2018-11-13 11:57:23.133 INFO  24948 --- [           main] c.n.d.DiscoveryClient  1264 : Starting heartbeat executor: renew interval is: 30
2018-11-13 11:57:23.135 INFO  24948 --- [           main] c.n.d.InstanceInfoReplicator    60 : InstanceInfoReplicator onDemand update allowed rate per min is 4
2018-11-13 11:57:23.139 INFO  24948 --- [           main] c.n.d.DiscoveryClient   449 : Discovery Client initialized at timestamp 1542081443138 with initial instances count: 12
2018-11-13 11:57:23.143 INFO  24948 --- [           main] o.s.c.n.e.s.EurekaServiceRegistry    42 : Registering application WINSTAR-API-GATEWAY with eureka with status UP
2018-11-13 11:57:23.144 INFO  24948 --- [           main] c.n.d.DiscoveryClient  1299 : Saw local status change event StatusChangeEvent [timestamp=1542081443144, current=UP, previous=STARTING]
2018-11-13 11:57:23.146 INFO  24948 --- [nfoReplicator-0] c.n.d.DiscoveryClient   826 : DiscoveryClient_WINSTAR-API-GATEWAY/LAPTOP-04F96MVU:winstar-api-gateway:8080: registering service...
2018-11-13 11:57:23.152 INFO  24948 --- [           main] o.s.c.s.DefaultLifecycleProcessor   356 : Starting beans in phase 0
2018-11-13 11:57:23.163 INFO  24948 --- [ctor-http-nio-2] r.i.n.t.BlockingNettyContext   238 : Started HttpServer on /0:0:0:0:0:0:0:0:8080
2018-11-13 11:57:23.164 INFO  24948 --- [           main] o.s.b.w.e.n.NettyWebServer    83 : Netty started on port(s): 8080
2018-11-13 11:57:23.190 INFO  24948 --- [nfoReplicator-0] c.n.d.DiscoveryClient   835 : DiscoveryClient_WINSTAR-API-GATEWAY/LAPTOP-04F96MVU:winstar-api-gateway:8080 - registration status: 204
2018-11-13 11:57:23.981 INFO  24948 --- [on(5)-127.0.0.1] i.l.c.EpollProvider   101 : Starting without optional epoll library
2018-11-13 11:57:23.983 INFO  24948 --- [on(5)-127.0.0.1] i.l.c.KqueueProvider   101 : Starting without optional kqueue library
2018-11-13 12:02:51.335 INFO  24948 --- [trap-executor-0] c.n.d.s.r.a.ConfigClusterResolver    43 : Resolving eureka endpoints via configuration
2018-11-13 12:02:51.367 WARN  24948 --- [scoveryClient-0] c.n.d.TimedSupervisorTask    68 : task supervisor timed out
java.util.concurrent.TimeoutException: null
	at java.util.concurrent.FutureTask.get(FutureTask.java:205)
	at com.netflix.discovery.TimedSupervisorTask.run(TimedSupervisorTask.java:64)
	at java.util.concurrent.Executors$RunnableAdapter.call(Executors.java:511)
	at java.util.concurrent.FutureTask.run$$$capture(FutureTask.java:266)
	at java.util.concurrent.FutureTask.run(FutureTask.java)
	at java.util.concurrent.ScheduledThreadPoolExecutor$ScheduledFutureTask.access$201(ScheduledThreadPoolExecutor.java:180)
	at java.util.concurrent.ScheduledThreadPoolExecutor$ScheduledFutureTask.run(ScheduledThreadPoolExecutor.java:293)
	at java.util.concurrent.ThreadPoolExecutor.runWorker(ThreadPoolExecutor.java:1149)
	at java.util.concurrent.ThreadPoolExecutor$Worker.run(ThreadPoolExecutor.java:624)
	at java.lang.Thread.run(Thread.java:748)
